1714043218296	geckodriver	INFO	Listening on 127.0.0.1:64891
1714043221323	mozrunner::runner	INFO	Running command: "C:\\Program Files\\Mozilla Firefox\\firefox.exe" "--marionette" "--remote-debugging-port" "64892" "--remote-allow-hosts" "localhost" "-no-remote" "-profile" "C:\\Users\\patil\\AppData\\Local\\Temp\\rust_mozprofileKiZ17w"
console.warn: services.settings: Ignoring preference override of remote settings server
console.warn: services.settings: Allow by setting MOZ_REMOTE_SETTINGS_DEVTOOLS=1 in the environment
Dynamically enable window occlusion 0
1714043221735	Marionette	INFO	Marionette enabled
1714043221881	Marionette	INFO	Listening on port 64900
WebDriver BiDi listening on ws://127.0.0.1:64892
Read port: 64900
1714043222067	RemoteAgent	WARN	TLS certificate errors will be ignored for this session
DevTools listening on ws://127.0.0.1:64892/devtools/browser/94fd7e80-9b86-4aa8-b032-186639f3f371
1714043252564	addons.xpi	ERROR	System addon update list error SyntaxError: XMLHttpRequest.open: 'http://%(server)s/dummy-system-addons.xml' is not a valid URL.
JavaScript error: , line 0: NS_ERROR_NOT_AVAILABLE
JavaScript warning: https://www.googletagmanager.com/gtag/js?id=G-SCT41TW89V, line 172: Script terminated by timeout at:
z@https://www.googletagmanager.com/gtag/js?id=G-SCT41TW89V:172:1330
aA@https://www.googletagmanager.com/gtag/js?id=G-SCT41TW89V:519:134
bA/<@https://www.googletagmanager.com/gtag/js?id=G-SCT41TW89V:519:111
c@https://demo.nopcommerce.com/cdn-cgi/scripts/7d0fa10a/cloudflare-static/rocket-loader.min.js:1:9405

1714059192718	Marionette	INFO	Stopped listening on port 64900
Dynamically enable window occlusion 1
