1714042937720	geckodriver	INFO	Listening on 127.0.0.1:64758
1714042940791	mozrunner::runner	INFO	Running command: "C:\\Program Files\\Mozilla Firefox\\firefox.exe" "--marionette" "--remote-debugging-port" "64759" "--remote-allow-hosts" "localhost" "-no-remote" "-profile" "C:\\Users\\patil\\AppData\\Local\\Temp\\rust_mozprofileMNaX9T"
console.warn: services.settings: Ignoring preference override of remote settings server
console.warn: services.settings: Allow by setting MOZ_REMOTE_SETTINGS_DEVTOOLS=1 in the environment
Dynamically enable window occlusion 0
1714042941130	Marionette	INFO	Marionette enabled
1714042941270	Marionette	INFO	Listening on port 64769
WebDriver BiDi listening on ws://127.0.0.1:64759
Read port: 64769
1714042941430	RemoteAgent	WARN	TLS certificate errors will be ignored for this session
DevTools listening on ws://127.0.0.1:64759/devtools/browser/2adc3532-eba0-4bb8-8ccd-7e92685b8f91
1714042972611	addons.xpi	ERROR	System addon update list error SyntaxError: XMLHttpRequest.open: 'http://%(server)s/dummy-system-addons.xml' is not a valid URL.
JavaScript error: , line 0: NS_ERROR_NOT_AVAILABLE
JavaScript warning: https://www.googletagmanager.com/gtag/js?id=G-SCT41TW89V, line 172: Script terminated by timeout at:
z@https://www.googletagmanager.com/gtag/js?id=G-SCT41TW89V:172:1330
aA@https://www.googletagmanager.com/gtag/js?id=G-SCT41TW89V:519:134
bA/<@https://www.googletagmanager.com/gtag/js?id=G-SCT41TW89V:519:111
c@https://demo.nopcommerce.com/cdn-cgi/scripts/7d0fa10a/cloudflare-static/rocket-loader.min.js:1:9405

1714059194443	Marionette	INFO	Stopped listening on port 64769
Dynamically enable window occlusion 1
